[LOG] Manager::init                            : maxchannels = 1024 studioflags = 00000009 flags 00000000 extradriverdata 0000000000000000.
[LOG] SystemI::init                            : FMOD Studio Version: 00010906 (88495)
[LOG] SystemI::init                            : maxchannels = 1024, flags = 00030000, extradriverdata = 0000000000000000
[LOG] SystemI::setOutputInternal               : Setting output to type 0
[LOG] SystemI::setOutputInternal               : Setting output to type 8
[LOG] SystemI::setOutputInternal               : Setting output to type 8
[LOG] OutputWASAPI::init                       : Mix Format (WAVEFORMATEX): wFormatTag=0xFFFE, nChannels=2, nSamplesPerSec=44100, nAvgBytesPerSec=352800, nBlockAlign=8, wBitsPerSample=32, cbSize=22.
[LOG] OutputWASAPI::init                       : Mix Format (WAVEFORMATEXTENSIBLE): wValidBitsPerSample=32, dwChannelMask=0x00000003, SubFormat=00000003-0000-0010-8000-00AA00389B71.
[LOG] OutputWASAPI::init                       : Output buffer size: 3760 samples, latency: 0.00ms, period: 10.16ms, DSP buffer: 1024 * 4
[WRN] SystemI::init                            : Output requires a sample rate of 44100Hz, resampling will occur.
[LOG] SystemI::init                            : Create master channel group and master sound group.
[LOG] SystemI::init                            : Set up emulated output.  1024 channels
[LOG] SystemI::init                            : create the channel pool
[LOG] SystemI::init                            : create the stream thread
[LOG] Thread::initThread                       : Init FMOD stream thread. Priority: 2, Stack Size: 65536, Semaphore: No, Sleep Time: 10, Looping: Yes.
[LOG] SystemI::DSPCodecPoolRegister            : register codec pool for pool type 5
[LOG] Thread::initThread                       : Init FMOD mixer thread. Priority: 3, Stack Size: 49152, Semaphore: No, Sleep Time: 0, Looping: Yes.
[LOG] AsyncManager::init                       : manager 000000005D031EF8 isAsync 1 updatePeriod 0.02
[LOG] Thread::initThread                       : Init FMOD Studio update thread. Priority: 0, Stack Size: 65536, Semaphore: No, Sleep Time: 1, Looping: No.
[LOG] AsyncManager::init                       : done
[LOG] PlaybackSystem::init                     : 
[LOG] Thread::initThread                       : Init FMOD Studio sample load thread. Priority: 0, Stack Size: 65536, Semaphore: No, Sleep Time: 1, Looping: No.
[LOG] PlaybackSystem::init                     : done
[LOG] LiveUpdate::init                         : 
[LOG] Thread::initThread                       : Init FMOD Studio bank load thread. Priority: 0, Stack Size: 65536, Semaphore: No, Sleep Time: 1, Looping: No.
[LOG] Manager::init                            : done.
[LOG] Profile::init                            : Profiler listening on port: 9264
[LOG] Manager::readBank                        : fileversion = 88, compatVersion = 86 (oldest = 44, newest = 88)
[LOG] Manager::readBank                        : fileversion = 88, compatVersion = 86 (oldest = 44, newest = 88)
[LOG] PlaybackSystem::acquireMasterBus         : Setting master channel group format to 6
[LOG] SystemI::createSound                     : filename = Assets\FMOD Banks\Desktop/Master Bank.bank : mode 02012082
[LOG] SystemI::createSound                     : FMOD_NONBLOCKING specified.  Putting into queue to be opened asynchronously!
[LOG] Thread::initThread                       : Init FMOD nonblocking thread (0). Priority: 1, Stack Size: 81920, Semaphore: Yes, Sleep Time: 0, Looping: Yes.
[LOG] SystemI::createSound                     : setdata soundi = 000000005D5D2FE8 : node = 000000005D4668C0
[LOG] SystemI::createSound                     : add node to async list : head = 000000005D522C28.  list count = 0
[LOG] AsyncThread::threadFunc                  : Starting Asynchronous operation on sound 000000005D5D2FE8
[LOG] SystemI::createSoundInternal             :     filename = Assets\FMOD Banks\Desktop/Master Bank.bank : mode 02012082
[LOG] SystemI::createSoundInternal             :     exinfo->cbsize             = 232
[LOG] SystemI::createSoundInternal             :     exinfo->length             = 397888
[LOG] SystemI::createSoundInternal             :     exinfo->fileoffset         = 16512
[LOG] SystemI::createSoundInternal             :     exinfo->numsubsounds       = 1
[LOG] SystemI::createSoundInternal             :     exinfo->inclusionlist      = 000000005D4669D8
[LOG] SystemI::createSoundInternal             :     exinfo->inclusionlistnum   = 1
[LOG] SystemI::createSoundInternal             :     exinfo->suggestedsoundtype = 5
[LOG] SystemI::createSoundInternal             :     Format has 1 subsounds.
[LOG] SystemI::createSoundInternal             :     Create as FMOD_CREATESTREAM
[LOG] System::createSoundInternal              :     decode buffersize = 19200 : blocksize = 256 : format = 2
[LOG] SystemI::createSample                    :     mode 02012082 length 19200 samples, lengthbytes 334528
[LOG] SystemI::createSample                    :     channels = 1
[LOG] SystemI::createSample                    :     output = 0000000043E55148
[LOG] OutputSoftware::createSample             :     lengthpcm 19200, lengthbytes 334528, channels 1, format 2, freq 48000, mode 0201208a
[LOG] System::createSoundInternal              :     1 subsounds detected.
[LOG] System::createSoundInternal              :     Seek stream to start
[LOG] System::createSoundInternal              :     switch file handle from small blocking single buffered to large nonblocking doublebuffered.
[LOG] Thread::initThread                       :         Init FMOD file thread. Priority: 1, Stack Size: 16384, Semaphore: No, Sleep Time: 10, Looping: Yes.
[LOG] SystemI::createSoundInternal             :     done.  OpenState now = FMOD_OPENSTATE_READY.

[LOG] AsyncThread::threadFunc                  : Finished Asynchronous operation on sound 000000005D5D2FE8
[LOG] SoundI::getSubSound                      : sound 000000005D5D2FE8.  Subsound index 0 / 1
[LOG] SoundI::getSubSound                      : starting non blocking seek and setting sound to not ready state
[LOG] AsyncThread::threadFunc                  : Starting Asynchronous operation on sound 000000005D5C95C8
[LOG] AsyncThread::threadFunc                  :     done setposition
[LOG] SoundI::getSubSound                      :     finished preparing nonblocking getSubSound seek
[LOG] AsyncThread::threadFunc                  :     done flush
[LOG] AsyncThread::threadFunc                  : Finished Asynchronous operation on sound 000000005D5C95C8
[LOG] AsyncThread::threadFunc                  : Starting Asynchronous operation on sound 000000005D5C95C8
[LOG] AsyncThread::threadFunc                  : Finished Asynchronous operation on sound 000000005D5C95C8
[LOG] SystemI::createSoundInternal             : filename =  : mode 02000202
[LOG] SystemI::createSoundInternal             : exinfo->cbsize             = 232
[LOG] SystemI::createSoundInternal             : exinfo->length             = 397888
[LOG] SystemI::createSoundInternal             : exinfo->fileoffset         = 16512
[LOG] SystemI::createSoundInternal             : exinfo->numsubsounds       = 1
[LOG] SystemI::createSoundInternal             : exinfo->inclusionlist      = 000000007564FBF8
[LOG] SystemI::createSoundInternal             : exinfo->inclusionlistnum   = 1
[LOG] SystemI::createSoundInternal             : exinfo->suggestedsoundtype = 5
[LOG] SystemI::createSoundInternal             : exinfo->useropen           = 00007FFEB00F7110
[LOG] SystemI::createSoundInternal             : exinfo->userclose          = 00007FFEB00F70E0
[LOG] SystemI::createSoundInternal             : exinfo->userread           = 00007FFEB00F71E0
[LOG] SystemI::createSoundInternal             : exinfo->userseek           = 00007FFEB00F7290
[LOG] SystemI::createSoundInternal             : exinfo->fileuserdata       = 000000005D5C1CA8
[LOG] SystemI::DSPCodecPoolRegister            : register codec pool for pool type 5
[LOG] SystemI::createSoundInternal             : Format has 1 subsounds.
[LOG] SystemI::createSoundInternal             : Create as FMOD_CREATESAMPLE
[LOG] SystemI::createSoundInternal             : Multi-sample sound (1 subsounds), create a sample container.
[LOG] SystemI::createSoundInternal             : creating subsound 0/1
[LOG] SystemI::createSample                    : mode 02000202 length 60229 samples, lengthbytes 15456
[LOG] SystemI::createSample                    : channels = 2
[LOG] SystemI::createSample                    : output = 0000000043E55148
[LOG] OutputSoftware::createSample             : lengthpcm 60229, lengthbytes 15456, channels 2, format 2, freq 48000, mode 0200020a
[LOG] SystemI::createSoundInternal             : No name found in file, use filename.
[LOG] SystemI::createSoundInternal             : done.  OpenState now = FMOD_OPENSTATE_READY.

[LOG] SystemI::createSoundInternal             : filename =  : mode 02000202
[LOG] SystemI::createSoundInternal             : exinfo->cbsize             = 232
[LOG] SystemI::createSoundInternal             : exinfo->length             = 397888
[LOG] SystemI::createSoundInternal             : exinfo->fileoffset         = 16512
[LOG] SystemI::createSoundInternal             : exinfo->numsubsounds       = 1
[LOG] SystemI::createSoundInternal             : exinfo->inclusionlist      = 000000007564FBF8
[LOG] SystemI::createSoundInternal             : exinfo->inclusionlistnum   = 1
[LOG] SystemI::createSoundInternal             : exinfo->suggestedsoundtype = 5
[LOG] SystemI::createSoundInternal             : exinfo->useropen           = 00007FFEB00F7110
[LOG] SystemI::createSoundInternal             : exinfo->userclose          = 00007FFEB00F70E0
[LOG] SystemI::createSoundInternal             : exinfo->userread           = 00007FFEB00F71E0
[LOG] SystemI::createSoundInternal             : exinfo->userseek           = 00007FFEB00F7290
[LOG] SystemI::createSoundInternal             : exinfo->fileuserdata       = 000000005D5C1CA8
[LOG] SystemI::DSPCodecPoolRegister            : register codec pool for pool type 5
[LOG] SystemI::createSoundInternal             : Format has 1 subsounds.
[LOG] SystemI::createSoundInternal             : Create as FMOD_CREATESAMPLE
[LOG] SystemI::createSoundInternal             : Multi-sample sound (1 subsounds), create a sample container.
[LOG] SystemI::createSoundInternal             : creating subsound 0/1
[LOG] SystemI::createSample                    : mode 02000202 length 55200 samples, lengthbytes 14400
[LOG] SystemI::createSample                    : channels = 2
[LOG] SystemI::createSample                    : output = 0000000043E55148
[LOG] OutputSoftware::createSample             : lengthpcm 55200, lengthbytes 14400, channels 2, format 2, freq 48000, mode 0200020a
[LOG] SystemI::createSoundInternal             : No name found in file, use filename.
[LOG] SystemI::createSoundInternal             : done.  OpenState now = FMOD_OPENSTATE_READY.

[LOG] SystemI::createSoundInternal             : filename =  : mode 02000202
[LOG] SystemI::createSoundInternal             : exinfo->cbsize             = 232
[LOG] SystemI::createSoundInternal             : exinfo->length             = 397888
[LOG] SystemI::createSoundInternal             : exinfo->fileoffset         = 16512
[LOG] SystemI::createSoundInternal             : exinfo->numsubsounds       = 1
[LOG] SystemI::createSoundInternal             : exinfo->inclusionlist      = 000000007564FBF8
[LOG] SystemI::createSoundInternal             : exinfo->inclusionlistnum   = 1
[LOG] SystemI::createSoundInternal             : exinfo->suggestedsoundtype = 5
[LOG] SystemI::createSoundInternal             : exinfo->useropen           = 00007FFEB00F7110
[LOG] SystemI::createSoundInternal             : exinfo->userclose          = 00007FFEB00F70E0
[LOG] SystemI::createSoundInternal             : exinfo->userread           = 00007FFEB00F71E0
[LOG] SystemI::createSoundInternal             : exinfo->userseek           = 00007FFEB00F7290
[LOG] SystemI::createSoundInternal             : exinfo->fileuserdata       = 000000005D5C1CA8
[LOG] SystemI::DSPCodecPoolRegister            : register codec pool for pool type 5
[LOG] SystemI::createSoundInternal             : Format has 1 subsounds.
[LOG] SystemI::createSoundInternal             : Create as FMOD_CREATESAMPLE
[LOG] SystemI::createSoundInternal             : Multi-sample sound (1 subsounds), create a sample container.
[LOG] SystemI::createSoundInternal             : creating subsound 0/1
[LOG] SystemI::createSample                    : mode 02000202 length 58545 samples, lengthbytes 15072
[LOG] SystemI::createSample                    : channels = 2
[LOG] SystemI::createSample                    : output = 0000000043E55148
[LOG] OutputSoftware::createSample             : lengthpcm 58545, lengthbytes 15072, channels 2, format 2, freq 48000, mode 0200020a
[LOG] SystemI::createSoundInternal             : No name found in file, use filename.
[LOG] SystemI::createSoundInternal             : done.  OpenState now = FMOD_OPENSTATE_READY.

[LOG] SystemI::createSoundInternal             : filename =  : mode 02000202
[LOG] SystemI::createSoundInternal             : exinfo->cbsize             = 232
[LOG] SystemI::createSoundInternal             : exinfo->length             = 397888
[LOG] SystemI::createSoundInternal             : exinfo->fileoffset         = 16512
[LOG] SystemI::createSoundInternal             : exinfo->numsubsounds       = 1
[LOG] SystemI::createSoundInternal             : exinfo->inclusionlist      = 000000007564FBF8
[LOG] SystemI::createSoundInternal             : exinfo->inclusionlistnum   = 1
[LOG] SystemI::createSoundInternal             : exinfo->suggestedsoundtype = 5
[LOG] SystemI::createSoundInternal             : exinfo->useropen           = 00007FFEB00F7110
[LOG] SystemI::createSoundInternal             : exinfo->userclose          = 00007FFEB00F70E0
[LOG] SystemI::createSoundInternal             : exinfo->userread           = 00007FFEB00F71E0
[LOG] SystemI::createSoundInternal             : exinfo->userseek           = 00007FFEB00F7290
[LOG] SystemI::createSoundInternal             : exinfo->fileuserdata       = 000000005D5C1CA8
[LOG] SystemI::DSPCodecPoolRegister            : register codec pool for pool type 5
[LOG] SystemI::createSoundInternal             : Format has 1 subsounds.
[LOG] SystemI::createSoundInternal             : Create as FMOD_CREATESAMPLE
[LOG] SystemI::createSoundInternal             : Multi-sample sound (1 subsounds), create a sample container.
[LOG] SystemI::createSoundInternal             : creating subsound 0/1
[LOG] SystemI::createSample                    : mode 02000202 length 68776 samples, lengthbytes 17664
[LOG] SystemI::createSample                    : channels = 2
[LOG] SystemI::createSample                    : output = 0000000043E55148
[LOG] OutputSoftware::createSample             : lengthpcm 68776, lengthbytes 17664, channels 2, format 2, freq 48000, mode 0200020a
[LOG] SystemI::createSoundInternal             : No name found in file, use filename.
[LOG] SystemI::createSoundInternal             : done.  OpenState now = FMOD_OPENSTATE_READY.

[LOG] SoundI::release                          : WATER_OCEAN_WAVES_ON_SAND02_LOOP 1 (000000005D5D2FE8)
[LOG] SoundI::release                          : remove stream samples. (000000005D5D2FE8)
[LOG] SoundI::release                          :     WATER_OCEAN_WAVES_ON_SAND02_LOOP 1 (000000005D522798)
[LOG] SoundI::release                          :     done
[LOG] SoundI::release                          : release subsounds. (000000005D5D2FE8)
[LOG] SoundI::release                          :     WATER_OCEAN_WAVES_ON_SAND02_LOOP 1 (000000005D5C95C8)
[LOG] SoundI::release                          :     done
[LOG] SoundI::release                          : release codec. (000000005D5D2FE8)
[LOG] SoundI::release                          : done
[LOG] SoundI::release                          :  (000000005C9F5B88)
[LOG] SoundI::release                          : release subsounds. (000000005C9F5B88)
[LOG] SoundI::release                          :     Weapon, Cannon, Shot, 01 SND6327 (000000005D5D6368)
[LOG] SoundI::release                          :     done
[LOG] SoundI::release                          : release codec. (000000005C9F5B88)
[LOG] SoundI::release                          : done
[LOG] SoundI::release                          :  (000000005C9F6148)
[LOG] SoundI::release                          : release subsounds. (000000005C9F6148)
[LOG] SoundI::release                          :     Weapon, Cannon, Shot, 02 SND6326 (000000005D5D5188)
[LOG] SoundI::release                          :     done
[LOG] SoundI::release                          : release codec. (000000005C9F6148)
[LOG] SoundI::release                          : done
[LOG] SoundI::release                          :  (000000005C9F5FD8)
[LOG] SoundI::release                          : release subsounds. (000000005C9F5FD8)
[LOG] SoundI::release                          :     Weapon, Cannon, Shot, 03 SND6325 (000000005D5D4B08)
[LOG] SoundI::release                          :     done
[LOG] SoundI::release                          : release codec. (000000005C9F5FD8)
[LOG] SoundI::release                          : done
[LOG] SoundI::release                          :  (000000005C9F6428)
[LOG] SoundI::release                          : release subsounds. (000000005C9F6428)
[LOG] SoundI::release                          :     Weapon, Cannon, Shot, 04 SND6324 (000000005D5D59A8)
[LOG] SoundI::release                          :     done
[LOG] SoundI::release                          : release codec. (000000005C9F6428)
[LOG] SoundI::release                          : done
[LOG] Thread::callback                         : FMOD Studio update thread finished.
[LOG] Thread::callback                         : FMOD Studio bank load thread finished.
[LOG] Profile::disconnectAll                   : Profiler disconnecting all clients
[LOG] Thread::callback                         : FMOD Studio sample load thread finished.
[LOG] LiveUpdate::release                      : 
[LOG] LiveUpdate::reset                        : Reset connection (reason Disconnected)
[LOG] SystemI::close                           : 
[LOG] SystemI::close                           : Stop all sounds
[LOG] Thread::callback                         : FMOD stream thread finished.
[LOG] SystemI::close                           : Stream thread destroyed
[LOG] Thread::callback                         : FMOD mixer thread finished.
[LOG] SystemI::close                           : Free master channel group.
[LOG] SystemI::close                           : Remove 'master' sound group.
[LOG] SystemI::close                           : Free software output.
[LOG] SystemI::close                           : Free emulated output.
[LOG] SystemI::close                           : Free channel pool.
[LOG] Thread::callback                         : FMOD nonblocking thread (0) finished.
[LOG] Thread::callback                         : FMOD file thread finished.
[LOG] SystemI::close                           : done.

